{"/Users/opa_oz/Repos/emoji-hash/src/index.ts": {"path":"/Users/opa_oz/Repos/emoji-hash/src/index.ts","statementMap":{"0":{"start":{"line":10,"column":4},"end":{"line":10,"column":42}},"1":{"start":{"line":12,"column":17},"end":{"line":12,"column":47}},"2":{"start":{"line":13,"column":4},"end":{"line":13,"column":24}},"3":{"start":{"line":14,"column":4},"end":{"line":16,"column":6}},"4":{"start":{"line":20,"column":4},"end":{"line":20,"column":65}},"5":{"start":{"line":27,"column":15},"end":{"line":27,"column":16}},"6":{"start":{"line":28,"column":4},"end":{"line":30,"column":5}},"7":{"start":{"line":29,"column":6},"end":{"line":29,"column":18}},"8":{"start":{"line":31,"column":4},"end":{"line":36,"column":5}},"9":{"start":{"line":31,"column":17},"end":{"line":31,"column":18}},"10":{"start":{"line":32,"column":17},"end":{"line":32,"column":34}},"11":{"start":{"line":34,"column":6},"end":{"line":34,"column":37}},"12":{"start":{"line":35,"column":6},"end":{"line":35,"column":25}},"13":{"start":{"line":37,"column":4},"end":{"line":37,"column":16}},"14":{"start":{"line":41,"column":18},"end":{"line":41,"column":20}},"15":{"start":{"line":42,"column":17},"end":{"line":42,"column":47}},"16":{"start":{"line":43,"column":29},"end":{"line":43,"column":59}},"17":{"start":{"line":45,"column":17},"end":{"line":45,"column":19}},"18":{"start":{"line":46,"column":25},"end":{"line":46,"column":26}},"19":{"start":{"line":47,"column":26},"end":{"line":47,"column":31}},"20":{"start":{"line":49,"column":4},"end":{"line":56,"column":5}},"21":{"start":{"line":50,"column":6},"end":{"line":52,"column":7}},"22":{"start":{"line":51,"column":8},"end":{"line":51,"column":68}},"23":{"start":{"line":54,"column":6},"end":{"line":54,"column":29}},"24":{"start":{"line":55,"column":6},"end":{"line":55,"column":47}},"25":{"start":{"line":58,"column":4},"end":{"line":60,"column":5}},"26":{"start":{"line":59,"column":6},"end":{"line":59,"column":71}},"27":{"start":{"line":62,"column":4},"end":{"line":62,"column":28}},"28":{"start":{"line":64,"column":4},"end":{"line":72,"column":5}},"29":{"start":{"line":65,"column":6},"end":{"line":67,"column":7}},"30":{"start":{"line":66,"column":8},"end":{"line":66,"column":14}},"31":{"start":{"line":69,"column":6},"end":{"line":69,"column":25}},"32":{"start":{"line":70,"column":6},"end":{"line":70,"column":39}},"33":{"start":{"line":71,"column":6},"end":{"line":71,"column":34}},"34":{"start":{"line":74,"column":4},"end":{"line":78,"column":5}},"35":{"start":{"line":75,"column":6},"end":{"line":77,"column":7}},"36":{"start":{"line":76,"column":8},"end":{"line":76,"column":38}},"37":{"start":{"line":80,"column":4},"end":{"line":82,"column":5}},"38":{"start":{"line":80,"column":17},"end":{"line":80,"column":33}},"39":{"start":{"line":81,"column":6},"end":{"line":81,"column":25}},"40":{"start":{"line":84,"column":4},"end":{"line":84,"column":25}},"41":{"start":{"line":88,"column":4},"end":{"line":90,"column":5}},"42":{"start":{"line":89,"column":6},"end":{"line":89,"column":59}},"43":{"start":{"line":92,"column":4},"end":{"line":92,"column":26}},"44":{"start":{"line":93,"column":17},"end":{"line":93,"column":47}},"45":{"start":{"line":94,"column":4},"end":{"line":94,"column":24}},"46":{"start":{"line":95,"column":4},"end":{"line":95,"column":59}},"47":{"start":{"line":99,"column":17},"end":{"line":99,"column":44}},"48":{"start":{"line":100,"column":23},"end":{"line":100,"column":54}},"49":{"start":{"line":101,"column":24},"end":{"line":101,"column":56}},"50":{"start":{"line":102,"column":26},"end":{"line":102,"column":60}},"51":{"start":{"line":103,"column":31},"end":{"line":103,"column":70}}},"fnMap":{"0":{"name":"(anonymous_0)","decl":{"start":{"line":9,"column":2},"end":{"line":9,"column":3}},"loc":{"start":{"line":9,"column":16},"end":{"line":17,"column":3}},"line":9},"1":{"name":"(anonymous_1)","decl":{"start":{"line":19,"column":2},"end":{"line":19,"column":3}},"loc":{"start":{"line":19,"column":52},"end":{"line":21,"column":3}},"line":19},"2":{"name":"(anonymous_2)","decl":{"start":{"line":26,"column":2},"end":{"line":26,"column":3}},"loc":{"start":{"line":26,"column":34},"end":{"line":38,"column":3}},"line":26},"3":{"name":"(anonymous_3)","decl":{"start":{"line":40,"column":2},"end":{"line":40,"column":3}},"loc":{"start":{"line":40,"column":60},"end":{"line":85,"column":3}},"line":40},"4":{"name":"(anonymous_4)","decl":{"start":{"line":87,"column":2},"end":{"line":87,"column":3}},"loc":{"start":{"line":87,"column":39},"end":{"line":96,"column":3}},"line":87}},"branchMap":{"0":{"loc":{"start":{"line":28,"column":4},"end":{"line":30,"column":5}},"type":"if","locations":[{"start":{"line":28,"column":4},"end":{"line":30,"column":5}},{"start":{"line":28,"column":4},"end":{"line":30,"column":5}}],"line":28},"1":{"loc":{"start":{"line":42,"column":17},"end":{"line":42,"column":47}},"type":"cond-expr","locations":[{"start":{"line":42,"column":29},"end":{"line":42,"column":42}},{"start":{"line":42,"column":45},"end":{"line":42,"column":47}}],"line":42},"2":{"loc":{"start":{"line":43,"column":29},"end":{"line":43,"column":59}},"type":"binary-expr","locations":[{"start":{"line":43,"column":29},"end":{"line":43,"column":36}},{"start":{"line":43,"column":40},"end":{"line":43,"column":59}}],"line":43},"3":{"loc":{"start":{"line":49,"column":4},"end":{"line":56,"column":5}},"type":"if","locations":[{"start":{"line":49,"column":4},"end":{"line":56,"column":5}},{"start":{"line":49,"column":4},"end":{"line":56,"column":5}}],"line":49},"4":{"loc":{"start":{"line":49,"column":8},"end":{"line":49,"column":72}},"type":"binary-expr","locations":[{"start":{"line":49,"column":8},"end":{"line":49,"column":23}},{"start":{"line":49,"column":27},"end":{"line":49,"column":47}},{"start":{"line":49,"column":51},"end":{"line":49,"column":72}}],"line":49},"5":{"loc":{"start":{"line":50,"column":6},"end":{"line":52,"column":7}},"type":"if","locations":[{"start":{"line":50,"column":6},"end":{"line":52,"column":7}},{"start":{"line":50,"column":6},"end":{"line":52,"column":7}}],"line":50},"6":{"loc":{"start":{"line":55,"column":33},"end":{"line":55,"column":45}},"type":"cond-expr","locations":[{"start":{"line":55,"column":40},"end":{"line":55,"column":41}},{"start":{"line":55,"column":44},"end":{"line":55,"column":45}}],"line":55},"7":{"loc":{"start":{"line":58,"column":4},"end":{"line":60,"column":5}},"type":"if","locations":[{"start":{"line":58,"column":4},"end":{"line":60,"column":5}},{"start":{"line":58,"column":4},"end":{"line":60,"column":5}}],"line":58},"8":{"loc":{"start":{"line":65,"column":6},"end":{"line":67,"column":7}},"type":"if","locations":[{"start":{"line":65,"column":6},"end":{"line":67,"column":7}},{"start":{"line":65,"column":6},"end":{"line":67,"column":7}}],"line":65},"9":{"loc":{"start":{"line":65,"column":10},"end":{"line":65,"column":59}},"type":"binary-expr","locations":[{"start":{"line":65,"column":10},"end":{"line":65,"column":25}},{"start":{"line":65,"column":29},"end":{"line":65,"column":59}}],"line":65},"10":{"loc":{"start":{"line":74,"column":4},"end":{"line":78,"column":5}},"type":"if","locations":[{"start":{"line":74,"column":4},"end":{"line":78,"column":5}},{"start":{"line":74,"column":4},"end":{"line":78,"column":5}}],"line":74},"11":{"loc":{"start":{"line":74,"column":8},"end":{"line":74,"column":33}},"type":"binary-expr","locations":[{"start":{"line":74,"column":8},"end":{"line":74,"column":17}},{"start":{"line":74,"column":21},"end":{"line":74,"column":33}}],"line":74},"12":{"loc":{"start":{"line":75,"column":6},"end":{"line":77,"column":7}},"type":"if","locations":[{"start":{"line":75,"column":6},"end":{"line":77,"column":7}},{"start":{"line":75,"column":6},"end":{"line":77,"column":7}}],"line":75},"13":{"loc":{"start":{"line":75,"column":10},"end":{"line":75,"column":80}},"type":"binary-expr","locations":[{"start":{"line":75,"column":10},"end":{"line":75,"column":26}},{"start":{"line":75,"column":31},"end":{"line":75,"column":46}},{"start":{"line":75,"column":50},"end":{"line":75,"column":79}}],"line":75},"14":{"loc":{"start":{"line":88,"column":4},"end":{"line":90,"column":5}},"type":"if","locations":[{"start":{"line":88,"column":4},"end":{"line":90,"column":5}},{"start":{"line":88,"column":4},"end":{"line":90,"column":5}}],"line":88},"15":{"loc":{"start":{"line":88,"column":8},"end":{"line":88,"column":82}},"type":"binary-expr","locations":[{"start":{"line":88,"column":8},"end":{"line":88,"column":17}},{"start":{"line":88,"column":21},"end":{"line":88,"column":49}},{"start":{"line":88,"column":53},"end":{"line":88,"column":82}}],"line":88}},"s":{"0":4,"1":4,"2":4,"3":4,"4":36,"5":50,"6":50,"7":1,"8":49,"9":49,"10":1850,"11":1850,"12":1850,"13":49,"14":41,"15":41,"16":41,"17":41,"18":41,"19":41,"20":41,"21":12,"22":4,"23":8,"24":8,"25":37,"26":1,"27":36,"28":36,"29":166,"30":4,"31":162,"32":162,"33":162,"34":36,"35":32,"36":28,"37":36,"38":36,"39":190,"40":36,"41":7,"42":5,"43":2,"44":2,"45":2,"46":2,"47":4,"48":4,"49":4,"50":4,"51":4},"f":{"0":4,"1":36,"2":50,"3":41,"4":7},"b":{"0":[1,49],"1":[30,11],"2":[41,28],"3":[12,29],"4":[41,41,12],"5":[4,8],"6":[7,1],"7":[1,36],"8":[4,162],"9":[166,37],"10":[32,4],"11":[36,36],"12":[28,4],"13":[32,4,4],"14":[5,2],"15":[7,5,4]},"_coverageSchema":"1a1c01bbd47fc00a2c39e90264f33305004495a9","hash":"578a060295e74edaba366cf483ec66039a34188e"}
}
