TN:
SF:src/index.ts
FN:9,(anonymous_0)
FN:19,(anonymous_1)
FN:26,(anonymous_2)
FN:40,(anonymous_3)
FN:87,(anonymous_4)
FNF:5
FNH:5
FNDA:4,(anonymous_0)
FNDA:36,(anonymous_1)
FNDA:50,(anonymous_2)
FNDA:41,(anonymous_3)
FNDA:7,(anonymous_4)
DA:10,4
DA:12,4
DA:13,4
DA:14,4
DA:20,36
DA:27,50
DA:28,50
DA:29,1
DA:31,49
DA:32,1850
DA:34,1850
DA:35,1850
DA:37,49
DA:41,41
DA:42,41
DA:43,41
DA:45,41
DA:46,41
DA:47,41
DA:49,41
DA:50,12
DA:51,4
DA:54,8
DA:55,8
DA:58,37
DA:59,1
DA:62,36
DA:64,36
DA:65,166
DA:66,4
DA:69,162
DA:70,162
DA:71,162
DA:74,36
DA:75,32
DA:76,28
DA:80,36
DA:81,190
DA:84,36
DA:88,7
DA:89,5
DA:92,2
DA:93,2
DA:94,2
DA:95,2
DA:99,4
DA:100,4
DA:101,4
DA:102,4
DA:103,4
LF:50
LH:50
BRDA:28,0,0,1
BRDA:28,0,1,49
BRDA:42,1,0,30
BRDA:42,1,1,11
BRDA:43,2,0,41
BRDA:43,2,1,28
BRDA:49,3,0,12
BRDA:49,3,1,29
BRDA:49,4,0,41
BRDA:49,4,1,41
BRDA:49,4,2,12
BRDA:50,5,0,4
BRDA:50,5,1,8
BRDA:55,6,0,7
BRDA:55,6,1,1
BRDA:58,7,0,1
BRDA:58,7,1,36
BRDA:65,8,0,4
BRDA:65,8,1,162
BRDA:65,9,0,166
BRDA:65,9,1,37
BRDA:74,10,0,32
BRDA:74,10,1,4
BRDA:74,11,0,36
BRDA:74,11,1,36
BRDA:75,12,0,28
BRDA:75,12,1,4
BRDA:75,13,0,32
BRDA:75,13,1,4
BRDA:75,13,2,4
BRDA:88,14,0,5
BRDA:88,14,1,2
BRDA:88,15,0,7
BRDA:88,15,1,5
BRDA:88,15,2,4
BRF:35
BRH:35
end_of_record
